<?xml version="1.0" encoding="UTF-8"?>
<testng-results skipped="0" failed="0" ignored="0" total="1" passed="1">
  <reporter-output>
  </reporter-output>
  <suite name="Default suite" duration-ms="35671" started-at="2021-08-15T17:12:38Z" finished-at="2021-08-15T17:13:14Z">
    <groups>
    </groups>
    <test name="Default test" duration-ms="35671" started-at="2021-08-15T17:12:38Z" finished-at="2021-08-15T17:13:14Z">
      <class name="com.ClearTripAssesmentV1.TestCase.TC_01">
        <test-method status="PASS" signature="setup()[pri:0, instance:com.ClearTripAssesmentV1.TestCase.TC_01@4313f5bc]" name="setup" is-config="true" duration-ms="3117" started-at="2021-08-15T17:12:38Z" finished-at="2021-08-15T17:12:41Z">
          <reporter-output>
          </reporter-output>
        </test-method> <!-- setup -->
        <test-method status="PASS" signature="roundTripBookingSearchTest()[pri:0, instance:com.ClearTripAssesmentV1.TestCase.TC_01@4313f5bc]" name="roundTripBookingSearchTest" duration-ms="31334" started-at="2021-08-15T17:12:41Z" finished-at="2021-08-15T17:13:13Z">
          <reporter-output>
          </reporter-output>
        </test-method> <!-- roundTripBookingSearchTest -->
        <test-method status="PASS" signature="tearDown()[pri:0, instance:com.ClearTripAssesmentV1.TestCase.TC_01@4313f5bc]" name="tearDown" is-config="true" duration-ms="1174" started-at="2021-08-15T17:13:13Z" finished-at="2021-08-15T17:13:14Z">
          <reporter-output>
          </reporter-output>
        </test-method> <!-- tearDown -->
      </class> <!-- com.ClearTripAssesmentV1.TestCase.TC_01 -->
    </test> <!-- Default test -->
  </suite> <!-- Default suite -->
</testng-results>
